# JRE version: Java(TM) SE Runtime Environment (8.0_144-b01) (build 1.8.0_144-b01)
# Java VM: Java HotSpot(TM) Client VM (25.144-b01 mixed mode windows-x86 )
Heap:
 def new generation   total 39680K, used 20598K [0x05a00000, 0x08500000, 0x104a0000)
  eden space 35328K,  58% used [0x05a00000, 0x06e1d058, 0x07c80000)
  from space 4352K,   0% used [0x07c80000, 0x07c80a88, 0x080c0000)
  to   space 4352K,   0% used [0x080c0000, 0x080c0000, 0x08500000)
 tenured generation   total 88012K, used 56365K [0x104a0000, 0x15a93000, 0x25a00000)
   the space 88012K,  64% used [0x104a0000, 0x13bab4e0, 0x13bab600, 0x15a93000)
 Metaspace       used 17112K, capacity 17515K, committed 17536K, reserved 17792K
GC Heap History (10 events):
Event: 215406.913 GC heap before
{Heap before GC invocations=889 (full 1):
 def new generation   total 39680K, used 35329K [0x05a00000, 0x08500000, 0x104a0000)
  eden space 35328K, 100% used [0x05a00000, 0x07c80000, 0x07c80000)
  from space 4352K,   0% used [0x080c0000, 0x080c04b0, 0x08500000)
  to   space 4352K,   0% used [0x07c80000, 0x07c80000, 0x080c0000)
 tenured generation   total 88012K, used 56365K [0x104a0000, 0x15a93000, 0x25a00000)
   the space 88012K,  64% used [0x104a0000, 0x13bab4e0, 0x13bab600, 0x15a93000)
 Metaspace       used 17112K, capacity 17515K, committed 17536K, reserved 17792K
Event: 215406.914 GC heap after
Heap after GC invocations=890 (full 1):
 def new generation   total 39680K, used 2K [0x05a00000, 0x08500000, 0x104a0000)
  eden space 35328K,   0% used [0x05a00000, 0x05a00000, 0x07c80000)
  from space 4352K,   0% used [0x07c80000, 0x07c80860, 0x080c0000)
  to   space 4352K,   0% used [0x080c0000, 0x080c0000, 0x08500000)
 tenured generation   total 88012K, used 56365K [0x104a0000, 0x15a93000, 0x25a00000)
   the space 88012K,  64% used [0x104a0000, 0x13bab4e0, 0x13bab600, 0x15a93000)
 Metaspace       used 17112K, capacity 17515K, committed 17536K, reserved 17792K
}
Event: 215649.040 GC heap before
{Heap before GC invocations=890 (full 1):
 def new generation   total 39680K, used 35330K [0x05a00000, 0x08500000, 0x104a0000)
  eden space 35328K, 100% used [0x05a00000, 0x07c80000, 0x07c80000)
  from space 4352K,   0% used [0x07c80000, 0x07c80860, 0x080c0000)
  to   space 4352K,   0% used [0x080c0000, 0x080c0000, 0x08500000)
 tenured generation   total 88012K, used 56365K [0x104a0000, 0x15a93000, 0x25a00000)
   the space 88012K,  64% used [0x104a0000, 0x13bab4e0, 0x13bab600, 0x15a93000)
 Metaspace       used 17112K, capacity 17515K, committed 17536K, reserved 17792K
Event: 215649.041 GC heap after
Heap after GC invocations=891 (full 1):
 def new generation   total 39680K, used 2K [0x05a00000, 0x08500000, 0x104a0000)
  eden space 35328K,   0% used [0x05a00000, 0x05a00000, 0x07c80000)
  from space 4352K,   0% used [0x080c0000, 0x080c0990, 0x08500000)
  to   space 4352K,   0% used [0x07c80000, 0x07c80000, 0x080c0000)
 tenured generation   total 88012K, used 56365K [0x104a0000, 0x15a93000, 0x25a00000)
   the space 88012K,  64% used [0x104a0000, 0x13bab4e0, 0x13bab600, 0x15a93000)
 Metaspace       used 17112K, capacity 17515K, committed 17536K, reserved 17792K
}
Event: 215894.174 GC heap before
{Heap before GC invocations=891 (full 1):
 def new generation   total 39680K, used 35330K [0x05a00000, 0x08500000, 0x104a0000)
  eden space 35328K, 100% used [0x05a00000, 0x07c80000, 0x07c80000)
  from space 4352K,   0% used [0x080c0000, 0x080c0990, 0x08500000)
  to   space 4352K,   0% used [0x07c80000, 0x07c80000, 0x080c0000)
 tenured generation   total 88012K, used 56365K [0x104a0000, 0x15a93000, 0x25a00000)
   the space 88012K,  64% used [0x104a0000, 0x13bab4e0, 0x13bab600, 0x15a93000)
 Metaspace       used 17112K, capacity 17515K, committed 17536K, reserved 17792K
Event: 215894.175 GC heap after
Heap after GC invocations=892 (full 1):
 def new generation   total 39680K, used 1K [0x05a00000, 0x08500000, 0x104a0000)
  eden space 35328K,   0% used [0x05a00000, 0x05a00000, 0x07c80000)
  from space 4352K,   0% used [0x07c80000, 0x07c806e8, 0x080c0000)
  to   space 4352K,   0% used [0x080c0000, 0x080c0000, 0x08500000)
 tenured generation   total 88012K, used 56365K [0x104a0000, 0x15a93000, 0x25a00000)
   the space 88012K,  64% used [0x104a0000, 0x13bab4e0, 0x13bab600, 0x15a93000)
 Metaspace       used 17112K, capacity 17515K, committed 17536K, reserved 17792K
}
Event: 216132.154 GC heap before
{Heap before GC invocations=892 (full 1):
 def new generation   total 39680K, used 35329K [0x05a00000, 0x08500000, 0x104a0000)
  eden space 35328K, 100% used [0x05a00000, 0x07c80000, 0x07c80000)
  from space 4352K,   0% used [0x07c80000, 0x07c806e8, 0x080c0000)
  to   space 4352K,   0% used [0x080c0000, 0x080c0000, 0x08500000)
 tenured generation   total 88012K, used 56365K [0x104a0000, 0x15a93000, 0x25a00000)
   the space 88012K,  64% used [0x104a0000, 0x13bab4e0, 0x13bab600, 0x15a93000)
 Metaspace       used 17112K, capacity 17515K, committed 17536K, reserved 17792K
Event: 216132.155 GC heap after
Heap after GC invocations=893 (full 1):
 def new generation   total 39680K, used 4K [0x05a00000, 0x08500000, 0x104a0000)
  eden space 35328K,   0% used [0x05a00000, 0x05a00000, 0x07c80000)
  from space 4352K,   0% used [0x080c0000, 0x080c1158, 0x08500000)
  to   space 4352K,   0% used [0x07c80000, 0x07c80000, 0x080c0000)
 tenured generation   total 88012K, used 56365K [0x104a0000, 0x15a93000, 0x25a00000)
   the space 88012K,  64% used [0x104a0000, 0x13bab4e0, 0x13bab600, 0x15a93000)
 Metaspace       used 17112K, capacity 17515K, committed 17536K, reserved 17792K
}
Event: 216377.101 GC heap before
{Heap before GC invocations=893 (full 1):
 def new generation   total 39680K, used 35332K [0x05a00000, 0x08500000, 0x104a0000)
  eden space 35328K, 100% used [0x05a00000, 0x07c80000, 0x07c80000)
  from space 4352K,   0% used [0x080c0000, 0x080c1158, 0x08500000)
  to   space 4352K,   0% used [0x07c80000, 0x07c80000, 0x080c0000)
 tenured generation   total 88012K, used 56365K [0x104a0000, 0x15a93000, 0x25a00000)
   the space 88012K,  64% used [0x104a0000, 0x13bab4e0, 0x13bab600, 0x15a93000)
 Metaspace       used 17112K, capacity 17515K, committed 17536K, reserved 17792K
Event: 216377.102 GC heap after
Heap after GC invocations=894 (full 1):
 def new generation   total 39680K, used 2K [0x05a00000, 0x08500000, 0x104a0000)
  eden space 35328K,   0% used [0x05a00000, 0x05a00000, 0x07c80000)
  from space 4352K,   0% used [0x07c80000, 0x07c80a88, 0x080c0000)
  to   space 4352K,   0% used [0x080c0000, 0x080c0000, 0x08500000)
 tenured generation   total 88012K, used 56365K [0x104a0000, 0x15a93000, 0x25a00000)
   the space 88012K,  64% used [0x104a0000, 0x13bab4e0, 0x13bab600, 0x15a93000)
 Metaspace       used 17112K, capacity 17515K, committed 17536K, reserved 17792K
}

